"Actualización automática: 20250822-101450" 
"Archivos modificados:" 
bin/Debug/net9.0/TestProjectCore.deps.json
bin/Debug/net9.0/TestProjectCore.dll
bin/Debug/net9.0/TestProjectCore.exe
bin/Debug/net9.0/TestProjectCore.pdb
changes.log
obj/Debug/net9.0/TestProjectCore.AssemblyInfo.cs
obj/Debug/net9.0/TestProjectCore.AssemblyInfoInputs.cache
obj/Debug/net9.0/TestProjectCore.GeneratedMSBuildEditorConfig.editorconfig
obj/Debug/net9.0/TestProjectCore.assets.cache
obj/Debug/net9.0/TestProjectCore.csproj.CoreCompileInputs.cache
obj/Debug/net9.0/TestProjectCore.csproj.FileListAbsolute.txt
obj/Debug/net9.0/TestProjectCore.dll
obj/Debug/net9.0/TestProjectCore.genruntimeconfig.cache
obj/Debug/net9.0/TestProjectCore.pdb
obj/Debug/net9.0/TestProjectCore.sourcelink.json
obj/Debug/net9.0/apphost.exe
obj/Debug/net9.0/ref/TestProjectCore.dll
obj/Debug/net9.0/refint/TestProjectCore.dll
obj/TestProjectCore.csproj.nuget.dgspec.json
obj/project.assets.json
obj/project.nuget.cache
"" 
"Archivos nuevos agregados:" 
bin/Release/net9.0/Humanizer.dll
bin/Release/net9.0/Microsoft.Bcl.AsyncInterfaces.dll
bin/Release/net9.0/Microsoft.Build.Locator.dll
bin/Release/net9.0/Microsoft.CodeAnalysis.CSharp.Workspaces.dll
bin/Release/net9.0/Microsoft.CodeAnalysis.CSharp.dll
bin/Release/net9.0/Microsoft.CodeAnalysis.Workspaces.MSBuild.BuildHost.dll
bin/Release/net9.0/Microsoft.CodeAnalysis.Workspaces.MSBuild.dll
bin/Release/net9.0/Microsoft.CodeAnalysis.Workspaces.dll
bin/Release/net9.0/Microsoft.CodeAnalysis.dll
bin/Release/net9.0/Microsoft.EntityFrameworkCore.Abstractions.dll
bin/Release/net9.0/Microsoft.EntityFrameworkCore.Design.dll
bin/Release/net9.0/Microsoft.EntityFrameworkCore.Relational.dll
bin/Release/net9.0/Microsoft.EntityFrameworkCore.dll
bin/Release/net9.0/Microsoft.Extensions.Caching.Abstractions.dll
bin/Release/net9.0/Microsoft.Extensions.Caching.Memory.dll
bin/Release/net9.0/Microsoft.Extensions.Configuration.Abstractions.dll
bin/Release/net9.0/Microsoft.Extensions.Configuration.FileExtensions.dll
bin/Release/net9.0/Microsoft.Extensions.Configuration.Json.dll
bin/Release/net9.0/Microsoft.Extensions.Configuration.dll
bin/Release/net9.0/Microsoft.Extensions.DependencyInjection.Abstractions.dll
bin/Release/net9.0/Microsoft.Extensions.DependencyInjection.dll
bin/Release/net9.0/Microsoft.Extensions.DependencyModel.dll
bin/Release/net9.0/Microsoft.Extensions.FileProviders.Abstractions.dll
bin/Release/net9.0/Microsoft.Extensions.FileProviders.Physical.dll
bin/Release/net9.0/Microsoft.Extensions.FileSystemGlobbing.dll
bin/Release/net9.0/Microsoft.Extensions.Logging.Abstractions.dll
bin/Release/net9.0/Microsoft.Extensions.Logging.dll
bin/Release/net9.0/Microsoft.Extensions.Options.dll
bin/Release/net9.0/Microsoft.Extensions.Primitives.dll
bin/Release/net9.0/Mono.TextTemplating.dll
bin/Release/net9.0/Npgsql.EntityFrameworkCore.PostgreSQL.dll
bin/Release/net9.0/Npgsql.dll
bin/Release/net9.0/System.CodeDom.dll
bin/Release/net9.0/System.Composition.AttributedModel.dll
bin/Release/net9.0/System.Composition.Convention.dll
bin/Release/net9.0/System.Composition.Hosting.dll
bin/Release/net9.0/System.Composition.Runtime.dll
bin/Release/net9.0/System.Composition.TypedParts.dll
bin/Release/net9.0/TestProjectCore.deps.json
bin/Release/net9.0/TestProjectCore.dll
bin/Release/net9.0/TestProjectCore.exe
bin/Release/net9.0/TestProjectCore.pdb
bin/Release/net9.0/TestProjectCore.runtimeconfig.json
bin/Release/net9.0/cs/Microsoft.CodeAnalysis.CSharp.Workspaces.resources.dll
bin/Release/net9.0/cs/Microsoft.CodeAnalysis.CSharp.resources.dll
bin/Release/net9.0/cs/Microsoft.CodeAnalysis.Workspaces.MSBuild.BuildHost.resources.dll
bin/Release/net9.0/cs/Microsoft.CodeAnalysis.Workspaces.resources.dll
bin/Release/net9.0/cs/Microsoft.CodeAnalysis.resources.dll
bin/Release/net9.0/de/Microsoft.CodeAnalysis.CSharp.Workspaces.resources.dll
bin/Release/net9.0/de/Microsoft.CodeAnalysis.CSharp.resources.dll
bin/Release/net9.0/de/Microsoft.CodeAnalysis.Workspaces.MSBuild.BuildHost.resources.dll
bin/Release/net9.0/de/Microsoft.CodeAnalysis.Workspaces.resources.dll
bin/Release/net9.0/de/Microsoft.CodeAnalysis.resources.dll
bin/Release/net9.0/es/Microsoft.CodeAnalysis.CSharp.Workspaces.resources.dll
bin/Release/net9.0/es/Microsoft.CodeAnalysis.CSharp.resources.dll
bin/Release/net9.0/es/Microsoft.CodeAnalysis.Workspaces.MSBuild.BuildHost.resources.dll
bin/Release/net9.0/es/Microsoft.CodeAnalysis.Workspaces.resources.dll
bin/Release/net9.0/es/Microsoft.CodeAnalysis.resources.dll
bin/Release/net9.0/fr/Microsoft.CodeAnalysis.CSharp.Workspaces.resources.dll
bin/Release/net9.0/fr/Microsoft.CodeAnalysis.CSharp.resources.dll
bin/Release/net9.0/fr/Microsoft.CodeAnalysis.Workspaces.MSBuild.BuildHost.resources.dll
bin/Release/net9.0/fr/Microsoft.CodeAnalysis.Workspaces.resources.dll
bin/Release/net9.0/fr/Microsoft.CodeAnalysis.resources.dll
bin/Release/net9.0/it/Microsoft.CodeAnalysis.CSharp.Workspaces.resources.dll
bin/Release/net9.0/it/Microsoft.CodeAnalysis.CSharp.resources.dll
bin/Release/net9.0/it/Microsoft.CodeAnalysis.Workspaces.MSBuild.BuildHost.resources.dll
bin/Release/net9.0/it/Microsoft.CodeAnalysis.Workspaces.resources.dll
bin/Release/net9.0/it/Microsoft.CodeAnalysis.resources.dll
bin/Release/net9.0/ja/Microsoft.CodeAnalysis.CSharp.Workspaces.resources.dll
bin/Release/net9.0/ja/Microsoft.CodeAnalysis.CSharp.resources.dll
bin/Release/net9.0/ja/Microsoft.CodeAnalysis.Workspaces.MSBuild.BuildHost.resources.dll
bin/Release/net9.0/ja/Microsoft.CodeAnalysis.Workspaces.resources.dll
bin/Release/net9.0/ja/Microsoft.CodeAnalysis.resources.dll
bin/Release/net9.0/ko/Microsoft.CodeAnalysis.CSharp.Workspaces.resources.dll
bin/Release/net9.0/ko/Microsoft.CodeAnalysis.CSharp.resources.dll
bin/Release/net9.0/ko/Microsoft.CodeAnalysis.Workspaces.MSBuild.BuildHost.resources.dll
bin/Release/net9.0/ko/Microsoft.CodeAnalysis.Workspaces.resources.dll
bin/Release/net9.0/ko/Microsoft.CodeAnalysis.resources.dll
bin/Release/net9.0/pl/Microsoft.CodeAnalysis.CSharp.Workspaces.resources.dll
bin/Release/net9.0/pl/Microsoft.CodeAnalysis.CSharp.resources.dll
bin/Release/net9.0/pl/Microsoft.CodeAnalysis.Workspaces.MSBuild.BuildHost.resources.dll
bin/Release/net9.0/pl/Microsoft.CodeAnalysis.Workspaces.resources.dll
bin/Release/net9.0/pl/Microsoft.CodeAnalysis.resources.dll
bin/Release/net9.0/pt-BR/Microsoft.CodeAnalysis.CSharp.Workspaces.resources.dll
bin/Release/net9.0/pt-BR/Microsoft.CodeAnalysis.CSharp.resources.dll
bin/Release/net9.0/pt-BR/Microsoft.CodeAnalysis.Workspaces.MSBuild.BuildHost.resources.dll
bin/Release/net9.0/pt-BR/Microsoft.CodeAnalysis.Workspaces.resources.dll
bin/Release/net9.0/pt-BR/Microsoft.CodeAnalysis.resources.dll
bin/Release/net9.0/ru/Microsoft.CodeAnalysis.CSharp.Workspaces.resources.dll
bin/Release/net9.0/ru/Microsoft.CodeAnalysis.CSharp.resources.dll
bin/Release/net9.0/ru/Microsoft.CodeAnalysis.Workspaces.MSBuild.BuildHost.resources.dll
bin/Release/net9.0/ru/Microsoft.CodeAnalysis.Workspaces.resources.dll
bin/Release/net9.0/ru/Microsoft.CodeAnalysis.resources.dll
bin/Release/net9.0/tr/Microsoft.CodeAnalysis.CSharp.Workspaces.resources.dll
bin/Release/net9.0/tr/Microsoft.CodeAnalysis.CSharp.resources.dll
bin/Release/net9.0/tr/Microsoft.CodeAnalysis.Workspaces.MSBuild.BuildHost.resources.dll
bin/Release/net9.0/tr/Microsoft.CodeAnalysis.Workspaces.resources.dll
bin/Release/net9.0/tr/Microsoft.CodeAnalysis.resources.dll
bin/Release/net9.0/zh-Hans/Microsoft.CodeAnalysis.CSharp.Workspaces.resources.dll
bin/Release/net9.0/zh-Hans/Microsoft.CodeAnalysis.CSharp.resources.dll
bin/Release/net9.0/zh-Hans/Microsoft.CodeAnalysis.Workspaces.MSBuild.BuildHost.resources.dll
bin/Release/net9.0/zh-Hans/Microsoft.CodeAnalysis.Workspaces.resources.dll
bin/Release/net9.0/zh-Hans/Microsoft.CodeAnalysis.resources.dll
bin/Release/net9.0/zh-Hant/Microsoft.CodeAnalysis.CSharp.Workspaces.resources.dll
bin/Release/net9.0/zh-Hant/Microsoft.CodeAnalysis.CSharp.resources.dll
bin/Release/net9.0/zh-Hant/Microsoft.CodeAnalysis.Workspaces.MSBuild.BuildHost.resources.dll
bin/Release/net9.0/zh-Hant/Microsoft.CodeAnalysis.Workspaces.resources.dll
bin/Release/net9.0/zh-Hant/Microsoft.CodeAnalysis.resources.dll
obj/Release/net9.0/.NETCoreApp,Version=v9.0.AssemblyAttributes.cs
obj/Release/net9.0/PublishOutputs.93779a70de.txt
obj/Release/net9.0/TestProj.61C910F3.Up2Date
obj/Release/net9.0/TestProjectCore.AssemblyInfo.cs
obj/Release/net9.0/TestProjectCore.AssemblyInfoInputs.cache
obj/Release/net9.0/TestProjectCore.GeneratedMSBuildEditorConfig.editorconfig
obj/Release/net9.0/TestProjectCore.GlobalUsings.g.cs
obj/Release/net9.0/TestProjectCore.assets.cache
obj/Release/net9.0/TestProjectCore.csproj.AssemblyReference.cache
obj/Release/net9.0/TestProjectCore.csproj.CoreCompileInputs.cache
obj/Release/net9.0/TestProjectCore.csproj.FileListAbsolute.txt
obj/Release/net9.0/TestProjectCore.deps.json
obj/Release/net9.0/TestProjectCore.dll
obj/Release/net9.0/TestProjectCore.genpublishdeps.cache
obj/Release/net9.0/TestProjectCore.genruntimeconfig.cache
obj/Release/net9.0/TestProjectCore.pdb
obj/Release/net9.0/TestProjectCore.sourcelink.json
obj/Release/net9.0/apphost.exe
obj/Release/net9.0/ref/TestProjectCore.dll
obj/Release/net9.0/refint/TestProjectCore.dll
